<?xml version="1.0" encoding="UTF-8"?>
<testsuite xmlns:xsi="http://www.w3.org/2001/XMLSchema-instance" xsi:noNamespaceSchemaLocation="https://maven.apache.org/surefire/maven-surefire-plugin/xsd/surefire-test-report.xsd" version="3.0.2" name="com.minh.configserver.ConfigServerApplicationTests" time="9.715" tests="1" errors="0" skipped="0" failures="0">
  <properties>
[...]
</properties>
  <testcase name="contextLoads" classname="com.minh.configserver.ConfigServerApplicationTests" time="1.209">
    <system-out><![CDATA[21:46:15.410 [main] INFO org.springframework.test.context.support.AnnotationConfigContextLoaderUtils -- Could not detect default configuration classes for test class [com.minh.configserver.ConfigServerApplicationTests]: ConfigServerApplicationTests does not declare any static, non-private, non-final, nested classes annotated with @Configuration.
21:46:15.467 [main] INFO org.springframework.boot.test.context.SpringBootTestContextBootstrapper -- Found @SpringBootConfiguration com.minh.configserver.ConfigServerApplication for test class com.minh.configserver.ConfigServerApplicationTests
21:46:15.681 [main] INFO org.springframework.boot.devtools.restart.RestartApplicationListener -- Restart disabled due to context in which it is running

  .   ____          _            __ _ _
 /\\ / ___'_ __ _ _(_)_ __  __ _ \ \ \ \
( ( )\___ | '_ | '_| | '_ \/ _` | \ \ \ \
 \\/  ___)| |_)| | | | | || (_| |  ) ) ) )
  '  |____| .__|_| |_|_| |_\__, | / / / /
 =========|_|==============|___/=/_/_/_/

 :: Spring Boot ::                (v3.4.1)

2025-05-16T21:46:15.886+07:00  INFO 45576 --- [config-server] [           main] c.m.c.ConfigServerApplicationTests       : Starting ConfigServerApplicationTests using Java 21.0.2 with PID 45576 (started by mainga in /Users/mainga/Desktop/Workspace/Projects/movie-reservation-microservice/app/config-server)
2025-05-16T21:46:15.886+07:00  INFO 45576 --- [config-server] [           main] c.m.c.ConfigServerApplicationTests       : The following 1 profile is active: "git"
2025-05-16T21:46:16.628+07:00  INFO 45576 --- [config-server] [           main] faultConfiguringBeanFactoryPostProcessor : No bean named 'errorChannel' has been explicitly defined. Therefore, a default PublishSubscribeChannel will be created.
2025-05-16T21:46:16.633+07:00  INFO 45576 --- [config-server] [           main] faultConfiguringBeanFactoryPostProcessor : No bean named 'integrationHeaderChannelRegistry' has been explicitly defined. Therefore, a default DefaultHeaderChannelRegistry will be created.
2025-05-16T21:46:16.764+07:00  INFO 45576 --- [config-server] [           main] o.s.cloud.context.scope.GenericScope     : BeanFactory id=1ea39704-c76b-3f36-b22f-394742f734b9
2025-05-16T21:46:22.996+07:00  INFO 45576 --- [config-server] [           main] o.s.c.s.m.DirectWithAttributesChannel    : Channel 'config-server.springCloudBusInput' has 1 subscriber(s).
2025-05-16T21:46:23.353+07:00  INFO 45576 --- [config-server] [           main] o.s.b.a.e.web.EndpointLinksResolver      : Exposing 35 endpoints beneath base path '/actuator'
2025-05-16T21:46:23.472+07:00  INFO 45576 --- [config-server] [           main] o.s.i.endpoint.EventDrivenConsumer       : Adding {logging-channel-adapter:_org.springframework.integration.errorLogger} as a subscriber to the 'errorChannel' channel
2025-05-16T21:46:23.472+07:00  INFO 45576 --- [config-server] [           main] o.s.i.channel.PublishSubscribeChannel    : Channel 'config-server.errorChannel' has 1 subscriber(s).
2025-05-16T21:46:23.472+07:00  INFO 45576 --- [config-server] [           main] o.s.i.endpoint.EventDrivenConsumer       : started bean '_org.springframework.integration.errorLogger'
2025-05-16T21:46:23.523+07:00  INFO 45576 --- [config-server] [           main] o.s.c.s.binder.DefaultBinderFactory      : Creating binder: rabbit
2025-05-16T21:46:23.523+07:00  INFO 45576 --- [config-server] [           main] o.s.c.s.binder.DefaultBinderFactory      : Constructing binder child context for rabbit
2025-05-16T21:46:23.601+07:00  INFO 45576 --- [config-server] [           main] o.s.c.s.binder.DefaultBinderFactory      : Caching the binder: rabbit
2025-05-16T21:46:23.625+07:00  INFO 45576 --- [config-server] [           main] c.s.b.r.p.RabbitExchangeQueueProvisioner : declaring queue for inbound: springCloudBus.anonymous.S5yVOcnZSVyfoIp_30gKbQ, bound to: springCloudBus
2025-05-16T21:46:23.628+07:00  INFO 45576 --- [config-server] [           main] o.s.a.r.c.CachingConnectionFactory       : Attempting to connect to: [localhost:5672]
2025-05-16T21:46:23.632+07:00  INFO 45576 --- [config-server] [           main] o.s.a.r.c.CachingConnectionFactory       : Attempting to connect to: [localhost:5672]
2025-05-16T21:46:23.633+07:00  INFO 45576 --- [config-server] [           main] o.s.a.r.c.CachingConnectionFactory       : Attempting to connect to: [localhost:5672]
2025-05-16T21:46:23.643+07:00  INFO 45576 --- [config-server] [           main] o.s.c.stream.binder.BinderErrorChannel   : Channel 'rabbit-69278310.springCloudBusInput.errors' has 1 subscriber(s).
2025-05-16T21:46:23.643+07:00  INFO 45576 --- [config-server] [           main] o.s.c.stream.binder.BinderErrorChannel   : Channel 'rabbit-69278310.springCloudBusInput.errors' has 2 subscriber(s).
2025-05-16T21:46:23.645+07:00  INFO 45576 --- [config-server] [           main] o.s.a.r.c.CachingConnectionFactory       : Attempting to connect to: [localhost:5672]
2025-05-16T21:46:23.645+07:00  INFO 45576 --- [config-server] [           main] o.s.a.r.l.SimpleMessageListenerContainer : Broker not available; cannot force queue declarations during start: java.net.ConnectException: Connection refused
2025-05-16T21:46:23.650+07:00  INFO 45576 --- [config-server] [VyfoIp_30gKbQ-1] o.s.a.r.c.CachingConnectionFactory       : Attempting to connect to: [localhost:5672]
2025-05-16T21:46:23.651+07:00  INFO 45576 --- [config-server] [           main] o.s.i.a.i.AmqpInboundChannelAdapter      : started bean 'inbound.springCloudBus.anonymous.S5yVOcnZSVyfoIp_30gKbQ'
2025-05-16T21:46:23.727+07:00  INFO 45576 --- [config-server] [           main] c.m.c.ConfigServerApplicationTests       : Started ConfigServerApplicationTests in 8.053 seconds (process running for 8.677)
]]></system-out>
    <system-err><![CDATA[Mockito is currently self-attaching to enable the inline-mock-maker. This will no longer work in future releases of the JDK. Please add Mockito as an agent to your build what is described in Mockito's documentation: https://javadoc.io/doc/org.mockito/mockito-core/latest/org/mockito/Mockito.html#0.3
WARNING: A Java agent has been loaded dynamically (/Users/mainga/.m2/repository/net/bytebuddy/byte-buddy-agent/1.15.11/byte-buddy-agent-1.15.11.jar)
WARNING: If a serviceability tool is in use, please run with -XX:+EnableDynamicAgentLoading to hide this warning
WARNING: If a serviceability tool is not in use, please run with -Djdk.instrument.traceUsage for more information
WARNING: Dynamic loading of agents will be disallowed by default in a future release
]]></system-err>
  </testcase>
</testsuite>